<?xml version="1.0" encoding="UTF-8"?>
<!-- Generated by org.testng.reporters.JUnitReportReporter -->
<testsuite hostname="HPAlbert" failures="0" tests="1" name="RunCookiesTest" time="11.498" errors="0" timestamp="2024-12-17T18:18:47 CET" skipped="0">
  <testcase classname="RunCookiesTest" name="runScenario" time="11.498"/>
</testsuite> <!-- RunCookiesTest -->
